This is pdfTeX, Version 3.141592653-2.6-1.40.24 (TeX Live 2022) (preloaded format=pdflatex 2022.12.4)  6 MAR 2026 14:52
entering extended mode
 restricted \write18 enabled.
 %&-line parsing enabled.
**LE14_note.tex
(./LE14_note.tex
LaTeX2e <2022-11-01> patch level 1
L3 programming layer <2022-11-02>
(/usr/local/texlive/2022/texmf-dist/tex/latex/base/article.cls
Document Class: article 2022/07/02 v1.4n Standard LaTeX document class
(/usr/local/texlive/2022/texmf-dist/tex/latex/base/size11.clo
File: size11.clo 2022/07/02 v1.4n Standard LaTeX file (size option)
)
\c@part=\count185
\c@section=\count186
\c@subsection=\count187
\c@subsubsection=\count188
\c@paragraph=\count189
\c@subparagraph=\count190
\c@figure=\count191
\c@table=\count192
\abovecaptionskip=\skip48
\belowcaptionskip=\skip49
\bibindent=\dimen140
)
(/usr/local/texlive/2022/texmf-dist/tex/latex/base/inputenc.sty
Package: inputenc 2021/02/14 v1.3d Input encoding file
\inpenc@prehook=\toks16
\inpenc@posthook=\toks17
)
(/usr/local/texlive/2022/texmf-dist/tex/latex/amsmath/amsmath.sty
Package: amsmath 2022/04/08 v2.17n AMS math features
\@mathmargin=\skip50

For additional information on amsmath, use the `?' option.
(/usr/local/texlive/2022/texmf-dist/tex/latex/amsmath/amstext.sty
Package: amstext 2021/08/26 v2.01 AMS text

(/usr/local/texlive/2022/texmf-dist/tex/latex/amsmath/amsgen.sty
File: amsgen.sty 1999/11/30 v2.0 generic functions
\@emptytoks=\toks18
\ex@=\dimen141
))
(/usr/local/texlive/2022/texmf-dist/tex/latex/amsmath/amsbsy.sty
Package: amsbsy 1999/11/29 v1.2d Bold Symbols
\pmbraise@=\dimen142
)
(/usr/local/texlive/2022/texmf-dist/tex/latex/amsmath/amsopn.sty
Package: amsopn 2022/04/08 v2.04 operator names
)
\inf@bad=\count193
LaTeX Info: Redefining \frac on input line 234.
\uproot@=\count194
\leftroot@=\count195
LaTeX Info: Redefining \overline on input line 399.
LaTeX Info: Redefining \colon on input line 410.
\classnum@=\count196
\DOTSCASE@=\count197
LaTeX Info: Redefining \ldots on input line 496.
LaTeX Info: Redefining \dots on input line 499.
LaTeX Info: Redefining \cdots on input line 620.
\Mathstrutbox@=\box51
\strutbox@=\box52
LaTeX Info: Redefining \big on input line 722.
LaTeX Info: Redefining \Big on input line 723.
LaTeX Info: Redefining \bigg on input line 724.
LaTeX Info: Redefining \Bigg on input line 725.
\big@size=\dimen143
LaTeX Font Info:    Redeclaring font encoding OML on input line 743.
LaTeX Font Info:    Redeclaring font encoding OMS on input line 744.
\macc@depth=\count198
LaTeX Info: Redefining \bmod on input line 905.
LaTeX Info: Redefining \pmod on input line 910.
LaTeX Info: Redefining \smash on input line 940.
LaTeX Info: Redefining \relbar on input line 970.
LaTeX Info: Redefining \Relbar on input line 971.
\c@MaxMatrixCols=\count199
\dotsspace@=\muskip16
\c@parentequation=\count266
\dspbrk@lvl=\count267
\tag@help=\toks19
\row@=\count268
\column@=\count269
\maxfields@=\count270
\andhelp@=\toks20
\eqnshift@=\dimen144
\alignsep@=\dimen145
\tagshift@=\dimen146
\tagwidth@=\dimen147
\totwidth@=\dimen148
\lineht@=\dimen149
\@envbody=\toks21
\multlinegap=\skip51
\multlinetaggap=\skip52
\mathdisplay@stack=\toks22
LaTeX Info: Redefining \[ on input line 2953.
LaTeX Info: Redefining \] on input line 2954.
)
(/usr/local/texlive/2022/texmf-dist/tex/latex/amsfonts/amssymb.sty
Package: amssymb 2013/01/14 v3.01 AMS font symbols

(/usr/local/texlive/2022/texmf-dist/tex/latex/amsfonts/amsfonts.sty
Package: amsfonts 2013/01/14 v3.01 Basic AMSFonts support
\symAMSa=\mathgroup4
\symAMSb=\mathgroup5
LaTeX Font Info:    Redeclaring math symbol \hbar on input line 98.
LaTeX Font Info:    Overwriting math alphabet `\mathfrak' in version `bold'
(Font)                  U/euf/m/n --> U/euf/b/n on input line 106.
))
(/usr/local/texlive/2022/texmf-dist/tex/latex/amscls/amsthm.sty
Package: amsthm 2020/05/29 v2.20.6
\thm@style=\toks23
\thm@bodyfont=\toks24
\thm@headfont=\toks25
\thm@notefont=\toks26
\thm@headpunct=\toks27
\thm@preskip=\skip53
\thm@postskip=\skip54
\thm@headsep=\skip55
\dth@everypar=\toks28
)
(/usr/local/texlive/2022/texmf-dist/tex/latex/geometry/geometry.sty
Package: geometry 2020/01/02 v5.9 Page Geometry

(/usr/local/texlive/2022/texmf-dist/tex/latex/graphics/keyval.sty
Package: keyval 2022/05/29 v1.15 key=value parser (DPC)
\KV@toks@=\toks29
)
(/usr/local/texlive/2022/texmf-dist/tex/generic/iftex/ifvtex.sty
Package: ifvtex 2019/10/25 v1.7 ifvtex legacy package. Use iftex instead.

(/usr/local/texlive/2022/texmf-dist/tex/generic/iftex/iftex.sty
Package: iftex 2022/02/03 v1.0f TeX engine tests
))
\Gm@cnth=\count271
\Gm@cntv=\count272
\c@Gm@tempcnt=\count273
\Gm@bindingoffset=\dimen150
\Gm@wd@mp=\dimen151
\Gm@odd@mp=\dimen152
\Gm@even@mp=\dimen153
\Gm@layoutwidth=\dimen154
\Gm@layoutheight=\dimen155
\Gm@layouthoffset=\dimen156
\Gm@layoutvoffset=\dimen157
\Gm@dimlist=\toks30
)
\c@definition=\count274
\c@theorem=\count275
\c@lemma=\count276
\c@remark=\count277

(/usr/local/texlive/2022/texmf-dist/tex/latex/l3backend/l3backend-pdftex.def
File: l3backend-pdftex.def 2022-10-26 L3 backend support: PDF output (pdfTeX)
\l__color_backend_stack_int=\count278
\l__pdf_internal_box=\box53
)
No file LE14_note.aux.
\openout1 = `LE14_note.aux'.

LaTeX Font Info:    Checking defaults for OML/cmm/m/it on input line 18.
LaTeX Font Info:    ... okay on input line 18.
LaTeX Font Info:    Checking defaults for OMS/cmsy/m/n on input line 18.
LaTeX Font Info:    ... okay on input line 18.
LaTeX Font Info:    Checking defaults for OT1/cmr/m/n on input line 18.
LaTeX Font Info:    ... okay on input line 18.
LaTeX Font Info:    Checking defaults for T1/cmr/m/n on input line 18.
LaTeX Font Info:    ... okay on input line 18.
LaTeX Font Info:    Checking defaults for TS1/cmr/m/n on input line 18.
LaTeX Font Info:    ... okay on input line 18.
LaTeX Font Info:    Checking defaults for OMX/cmex/m/n on input line 18.
LaTeX Font Info:    ... okay on input line 18.
LaTeX Font Info:    Checking defaults for U/cmr/m/n on input line 18.
LaTeX Font Info:    ... okay on input line 18.
*geometry* driver: auto-detecting
*geometry* detected driver: pdftex
*geometry* verbose mode - [ preamble ] result:
* driver: pdftex
* paper: <default>
* layout: <same size as paper>
* layoutoffset:(h,v)=(0.0pt,0.0pt)
* modes: 
* h-part:(L,W,R)=(72.26999pt, 469.75502pt, 72.26999pt)
* v-part:(T,H,B)=(72.26999pt, 650.43001pt, 72.26999pt)
* \paperwidth=614.295pt
* \paperheight=794.96999pt
* \textwidth=469.75502pt
* \textheight=650.43001pt
* \oddsidemargin=0.0pt
* \evensidemargin=0.0pt
* \topmargin=-37.0pt
* \headheight=12.0pt
* \headsep=25.0pt
* \topskip=11.0pt
* \footskip=30.0pt
* \marginparwidth=59.0pt
* \marginparsep=10.0pt
* \columnsep=10.0pt
* \skip\footins=10.0pt plus 4.0pt minus 2.0pt
* \hoffset=0.0pt
* \voffset=0.0pt
* \mag=1000
* \@twocolumnfalse
* \@twosidefalse
* \@mparswitchfalse
* \@reversemarginfalse
* (1in=72.27pt=25.4mm, 1cm=28.453pt)

LaTeX Font Info:    Trying to load font information for U+msa on input line 19.

(/usr/local/texlive/2022/texmf-dist/tex/latex/amsfonts/umsa.fd
File: umsa.fd 2013/01/14 v3.01 AMS symbols A
)
LaTeX Font Info:    Trying to load font information for U+msb on input line 19.


(/usr/local/texlive/2022/texmf-dist/tex/latex/amsfonts/umsb.fd
File: umsb.fd 2013/01/14 v3.01 AMS symbols B
)
Overfull \hbox (39.10612pt too wide) detected at line 38
\OML/cmm/m/it/10.95 v\OT1/cmr/m/n/10.95 (\OML/cmm/m/it/10.95 t; x\OT1/cmr/m/n/1
0.95 ) = [][] \OML/cmm/m/it/10.95 e[]P[][]g\OT1/cmr/m/n/10.95 (\OML/cmm/m/it/10
.95 u\OT1/cmr/m/n/10.95 (\OML/cmm/m/it/10.95 s; \OMS/cmsy/m/n/10.95 ^^A\OT1/cmr
/m/n/10.95 ))\OML/cmm/m/it/10.95 @[]v\OT1/cmr/m/n/10.95 (\OML/cmm/m/it/10.95 s;
 \OMS/cmsy/m/n/10.95 ^^A\OT1/cmr/m/n/10.95 ) + \OML/cmm/m/it/10.95 f\OT1/cmr/m/
n/10.95 (\OML/cmm/m/it/10.95 u\OT1/cmr/m/n/10.95 (\OML/cmm/m/it/10.95 s; \OMS/c
msy/m/n/10.95 ^^A\OT1/cmr/m/n/10.95 ))[](\OML/cmm/m/it/10.95 x\OT1/cmr/m/n/10.9
5 ) \OML/cmm/m/it/10.95 ds \OT1/cmr/m/n/10.95 + [][] [][] \OML/cmm/m/it/10.95 e
[]P[]\OT1/cmr/m/n/10.95 (\OML/cmm/m/it/10.95 x \OMS/cmsy/m/n/10.95 ^^@ \OML/cmm
/m/it/10.95 y\OT1/cmr/m/n/10.95 )\OML/cmm/m/it/10.95 g\OT1/cmr/m/n/10.95 (\OML/
cmm/m/it/10.95 u\OT1/cmr/m/n/10.95 (\OML/cmm/m/it/10.95 s; y\OT1/cmr/m/n/10.95 
)) \OML/cmm/m/it/10.95 dX[]\OT1/cmr/m/n/10.95 (\OML/cmm/m/it/10.95 y\OT1/cmr/m/
n/10.95 ) \OML/cmm/m/it/10.95 ds:
 []

[1

{/usr/local/texlive/2022/texmf-var/fonts/map/pdftex/updmap/pdftex.map}]

LaTeX Warning: Reference `eq:step2-rough-estimate' on page 2 undefined on input
 line 77.

[2]

LaTeX Warning: Reference `eq:step2-rough-estimate' on page 3 undefined on input
 line 85.

[3] [4] [5] [6] [7] [8] [9] [10] [11] [12] [13]
Overfull \hbox (5.0184pt too wide) detected at line 488
[]\OML/cmm/m/it/10.95 t \OT1/cmr/m/n/10.95 = [] + [][] []\OML/cmm/m/it/10.95 s[
]t \OMS/cmsy/m/n/10.95 ^^B []\OML/cmm/m/it/10.95 s ds:
 []

[14] [15]
Overfull \hbox (1.73143pt too wide) in paragraph at lines 566--569
\OT1/cmr/m/n/10.95 This for-mula records pre-cisely that the in-cre-ment of $\O
ML/cmm/m/it/10.95 Y$ \OT1/cmr/m/n/10.95 is ap-prox-i-mated to first or-der by $
\OML/cmm/m/it/10.95 Y[]\OT1/cmr/m/n/10.95 (\OML/cmm/m/it/10.95 x\OT1/cmr/m/n/10
.95 )(\OML/cmm/m/it/10.95 X\OT1/cmr/m/n/10.95 (\OML/cmm/m/it/10.95 y\OT1/cmr/m/
n/10.95 ) \OMS/cmsy/m/n/10.95 ^^@
 []

[16] [17] [18] [19] (./LE14_note.aux)

LaTeX Warning: There were undefined references.


LaTeX Warning: Label(s) may have changed. Rerun to get cross-references right.

 ) 
Here is how much of TeX's memory you used:
 2473 strings out of 474968
 36818 string characters out of 5776089
 392271 words of memory out of 5000000
 23992 multiletter control sequences out of 15000+600000
 479893 words of font info for 69 fonts, out of 8000000 for 9000
 1141 hyphenation exceptions out of 8191
 55i,12n,62p,709b,219s stack positions out of 10000i,1000n,20000p,200000b,200000s
</usr/local/texlive/2022/texmf-dist/fonts/type1/public/amsfonts/cm/cmbx10.pfb
></usr/local/texlive/2022/texmf-dist/fonts/type1/public/amsfonts/cm/cmbx12.pfb>
</usr/local/texlive/2022/texmf-dist/fonts/type1/public/amsfonts/cm/cmex10.pfb><
/usr/local/texlive/2022/texmf-dist/fonts/type1/public/amsfonts/cm/cmmi10.pfb></
usr/local/texlive/2022/texmf-dist/fonts/type1/public/amsfonts/cm/cmmi12.pfb></u
sr/local/texlive/2022/texmf-dist/fonts/type1/public/amsfonts/cm/cmmi6.pfb></usr
/local/texlive/2022/texmf-dist/fonts/type1/public/amsfonts/cm/cmmi8.pfb></usr/l
ocal/texlive/2022/texmf-dist/fonts/type1/public/amsfonts/cm/cmr10.pfb></usr/loc
al/texlive/2022/texmf-dist/fonts/type1/public/amsfonts/cm/cmr12.pfb></usr/local
/texlive/2022/texmf-dist/fonts/type1/public/amsfonts/cm/cmr17.pfb></usr/local/t
exlive/2022/texmf-dist/fonts/type1/public/amsfonts/cm/cmr6.pfb></usr/local/texl
ive/2022/texmf-dist/fonts/type1/public/amsfonts/cm/cmr8.pfb></usr/local/texlive
/2022/texmf-dist/fonts/type1/public/amsfonts/cm/cmsy10.pfb></usr/local/texlive/
2022/texmf-dist/fonts/type1/public/amsfonts/cm/cmsy6.pfb></usr/local/texlive/20
22/texmf-dist/fonts/type1/public/amsfonts/cm/cmsy8.pfb></usr/local/texlive/2022
/texmf-dist/fonts/type1/public/amsfonts/symbols/msbm10.pfb>
Output written on LE14_note.pdf (19 pages, 261819 bytes).
PDF statistics:
 146 PDF objects out of 1000 (max. 8388607)
 92 compressed objects within 1 object stream
 0 named destinations out of 1000 (max. 500000)
 1 words of extra memory for PDF output out of 10000 (max. 10000000)

